[INFO ] 2025-02-27 12:29:56.324 [main] MyStoreV1 - Url Opened
[INFO ] 2025-02-27 12:29:56.324 [main] MyStoreV1 - Url Opened
[INFO ] 2025-02-27 12:29:56.346 [main] MyStoreV1 - 
***************TestCase Search Product started*****************
[INFO ] 2025-02-27 12:29:56.346 [main] MyStoreV1 - 
***************TestCase Search Product started*****************
[INFO ] 2025-02-27 12:29:57.488 [main] MyStoreV1 - User Email and Password entered.
[INFO ] 2025-02-27 12:29:57.488 [main] MyStoreV1 - User Email and Password entered.
[INFO ] 2025-02-27 12:29:58.604 [main] MyStoreV1 - Sign In link clicked
[INFO ] 2025-02-27 12:29:58.604 [main] MyStoreV1 - Sign In link clicked
[INFO ] 2025-02-27 12:29:59.689 [main] MyStoreV1 - Search Product testcase - Passed
[INFO ] 2025-02-27 12:29:59.689 [main] MyStoreV1 - Search Product testcase - Passed
[INFO ] 2025-02-27 12:30:00.531 [main] MyStoreV1 - ***************TestCase Search Product ends*****************
[INFO ] 2025-02-27 12:30:00.531 [main] MyStoreV1 - ***************TestCase Search Product ends*****************
[INFO ] 2025-02-27 12:30:00.562 [main] MyStoreV1 - 
***************TestCase Buy Product started*****************
[INFO ] 2025-02-27 12:30:00.562 [main] MyStoreV1 - 
***************TestCase Buy Product started*****************
[INFO ] 2025-02-27 12:30:01.405 [main] MyStoreV1 - User Email and Password entered.
[INFO ] 2025-02-27 12:30:01.405 [main] MyStoreV1 - User Email and Password entered.
[INFO ] 2025-02-27 12:30:02.283 [main] MyStoreV1 - Sign In link clicked
[INFO ] 2025-02-27 12:30:02.283 [main] MyStoreV1 - Sign In link clicked
[INFO ] 2025-02-27 12:30:02.348 [main] MyStoreV1 - T-shirt entered in search box
[INFO ] 2025-02-27 12:30:02.348 [main] MyStoreV1 - T-shirt entered in search box
[INFO ] 2025-02-27 12:30:03.114 [main] MyStoreV1 - clicked on search button
[INFO ] 2025-02-27 12:30:03.114 [main] MyStoreV1 - clicked on search button
[INFO ] 2025-02-27 12:30:05.794 [main] MyStoreV1 - Clicked on more button
[INFO ] 2025-02-27 12:30:05.794 [main] MyStoreV1 - Clicked on more button
[INFO ] 2025-02-27 12:30:09.983 [main] MyStoreV1 - size M entered
[INFO ] 2025-02-27 12:30:09.983 [main] MyStoreV1 - size M entered
[INFO ] 2025-02-27 12:30:10.226 [main] MyStoreV1 - quantity 2 entereed
[INFO ] 2025-02-27 12:30:10.226 [main] MyStoreV1 - quantity 2 entereed
[INFO ] 2025-02-27 12:30:12.864 [main] MyStoreV1 - Clicked on proceed to checkout on product page
[INFO ] 2025-02-27 12:30:12.864 [main] MyStoreV1 - Clicked on proceed to checkout on product page
[INFO ] 2025-02-27 12:30:13.961 [main] MyStoreV1 - Clicked on proceed to checkout on order summary page
[INFO ] 2025-02-27 12:30:13.961 [main] MyStoreV1 - Clicked on proceed to checkout on order summary page
[INFO ] 2025-02-27 12:30:14.563 [main] MyStoreV1 - Clicked on proceed to checkout on order address page
[INFO ] 2025-02-27 12:30:14.563 [main] MyStoreV1 - Clicked on proceed to checkout on order address page
[INFO ] 2025-02-27 12:30:14.933 [main] MyStoreV1 - selecged term of service check box
[INFO ] 2025-02-27 12:30:14.933 [main] MyStoreV1 - selecged term of service check box
[INFO ] 2025-02-27 12:30:15.471 [main] MyStoreV1 - Clicked on proceed to checkout on order shipping page
[INFO ] 2025-02-27 12:30:15.471 [main] MyStoreV1 - Clicked on proceed to checkout on order shipping page
[INFO ] 2025-02-27 12:30:15.949 [main] MyStoreV1 - http://www.automationpractice.pl/index.php?controller=order
[INFO ] 2025-02-27 12:30:15.949 [main] MyStoreV1 - http://www.automationpractice.pl/index.php?controller=order
[INFO ] 2025-02-27 12:30:16.511 [main] MyStoreV1 - Clicked on pay by cheque
[INFO ] 2025-02-27 12:30:16.511 [main] MyStoreV1 - Clicked on pay by cheque
[INFO ] 2025-02-27 12:30:22.759 [main] MyStoreV1 - Clicked on confirmed order
[INFO ] 2025-02-27 12:30:22.759 [main] MyStoreV1 - Clicked on confirmed order
[INFO ] 2025-02-27 12:30:22.785 [main] MyStoreV1 - VerifyBuyProduct - Passed
[INFO ] 2025-02-27 12:30:22.785 [main] MyStoreV1 - VerifyBuyProduct - Passed
[INFO ] 2025-02-27 12:30:24.049 [main] MyStoreV1 - ***************TestCase BuyProduct ends*****************
[INFO ] 2025-02-27 12:30:24.049 [main] MyStoreV1 - ***************TestCase BuyProduct ends*****************
[INFO ] 2025-02-27 14:14:35.455 [main] MyStoreV1 - Url Opened
[INFO ] 2025-02-27 14:14:35.455 [main] MyStoreV1 - Url Opened
[INFO ] 2025-02-27 14:14:35.529 [main] MyStoreV1 - 
***************TestCase Search Product started*****************
[INFO ] 2025-02-27 14:14:35.529 [main] MyStoreV1 - 
***************TestCase Search Product started*****************
[INFO ] 2025-02-27 14:14:43.821 [main] MyStoreV1 - User Email and Password entered.
[INFO ] 2025-02-27 14:14:43.821 [main] MyStoreV1 - User Email and Password entered.
[INFO ] 2025-02-27 14:14:45.289 [main] MyStoreV1 - Sign In link clicked
[INFO ] 2025-02-27 14:14:45.289 [main] MyStoreV1 - Sign In link clicked
[INFO ] 2025-02-27 14:14:46.883 [main] MyStoreV1 - Search Product testcase - Passed
[INFO ] 2025-02-27 14:14:46.883 [main] MyStoreV1 - Search Product testcase - Passed
[INFO ] 2025-02-27 14:14:48.261 [main] MyStoreV1 - ***************TestCase Search Product ends*****************
[INFO ] 2025-02-27 14:14:48.261 [main] MyStoreV1 - ***************TestCase Search Product ends*****************
[INFO ] 2025-02-27 14:14:48.296 [main] MyStoreV1 - 
***************TestCase Buy Product started*****************
[INFO ] 2025-02-27 14:14:48.296 [main] MyStoreV1 - 
***************TestCase Buy Product started*****************
[INFO ] 2025-02-27 14:14:49.533 [main] MyStoreV1 - User Email and Password entered.
[INFO ] 2025-02-27 14:14:49.533 [main] MyStoreV1 - User Email and Password entered.
[INFO ] 2025-02-27 14:14:50.813 [main] MyStoreV1 - Sign In link clicked
[INFO ] 2025-02-27 14:14:50.813 [main] MyStoreV1 - Sign In link clicked
[INFO ] 2025-02-27 14:14:50.910 [main] MyStoreV1 - T-shirt entered in search box
[INFO ] 2025-02-27 14:14:50.910 [main] MyStoreV1 - T-shirt entered in search box
[INFO ] 2025-02-27 14:14:51.805 [main] MyStoreV1 - clicked on search button
[INFO ] 2025-02-27 14:14:51.805 [main] MyStoreV1 - clicked on search button
[INFO ] 2025-02-27 14:20:17.430 [main] MyStoreV1 - Url Opened
[INFO ] 2025-02-27 14:20:17.430 [main] MyStoreV1 - Url Opened
[INFO ] 2025-02-27 14:20:17.464 [main] MyStoreV1 - 
***************TestCase Search Product started*****************
[INFO ] 2025-02-27 14:20:17.464 [main] MyStoreV1 - 
***************TestCase Search Product started*****************
[INFO ] 2025-02-27 14:20:19.112 [main] MyStoreV1 - User Email and Password entered.
[INFO ] 2025-02-27 14:20:19.112 [main] MyStoreV1 - User Email and Password entered.
[INFO ] 2025-02-27 14:20:20.655 [main] MyStoreV1 - Sign In link clicked
[INFO ] 2025-02-27 14:20:20.655 [main] MyStoreV1 - Sign In link clicked
[INFO ] 2025-02-27 14:20:22.092 [main] MyStoreV1 - Search Product testcase - Passed
[INFO ] 2025-02-27 14:20:22.092 [main] MyStoreV1 - Search Product testcase - Passed
[INFO ] 2025-02-27 14:20:23.292 [main] MyStoreV1 - ***************TestCase Search Product ends*****************
[INFO ] 2025-02-27 14:20:23.292 [main] MyStoreV1 - ***************TestCase Search Product ends*****************
[INFO ] 2025-02-27 14:20:23.342 [main] MyStoreV1 - 
***************TestCase Buy Product started*****************
[INFO ] 2025-02-27 14:20:23.342 [main] MyStoreV1 - 
***************TestCase Buy Product started*****************
[INFO ] 2025-02-27 14:20:24.575 [main] MyStoreV1 - User Email and Password entered.
[INFO ] 2025-02-27 14:20:24.575 [main] MyStoreV1 - User Email and Password entered.
[INFO ] 2025-02-27 14:20:25.650 [main] MyStoreV1 - Sign In link clicked
[INFO ] 2025-02-27 14:20:25.650 [main] MyStoreV1 - Sign In link clicked
[INFO ] 2025-02-27 14:20:25.764 [main] MyStoreV1 - T-shirt entered in search box
[INFO ] 2025-02-27 14:20:25.764 [main] MyStoreV1 - T-shirt entered in search box
[INFO ] 2025-02-27 14:20:26.500 [main] MyStoreV1 - clicked on search button
[INFO ] 2025-02-27 14:20:26.500 [main] MyStoreV1 - clicked on search button
[INFO ] 2025-02-27 14:20:31.494 [main] MyStoreV1 - Clicked on more button
[INFO ] 2025-02-27 14:20:31.494 [main] MyStoreV1 - Clicked on more button
[INFO ] 2025-02-27 14:20:35.838 [main] MyStoreV1 - size M entered
[INFO ] 2025-02-27 14:20:35.838 [main] MyStoreV1 - size M entered
[INFO ] 2025-02-27 14:20:36.147 [main] MyStoreV1 - quantity 2 entereed
[INFO ] 2025-02-27 14:20:36.147 [main] MyStoreV1 - quantity 2 entereed
[INFO ] 2025-02-27 14:20:37.843 [main] MyStoreV1 - Clicked on proceed to checkout on product page
[INFO ] 2025-02-27 14:20:37.843 [main] MyStoreV1 - Clicked on proceed to checkout on product page
[INFO ] 2025-02-27 14:20:39.075 [main] MyStoreV1 - Clicked on proceed to checkout on order summary page
[INFO ] 2025-02-27 14:20:39.075 [main] MyStoreV1 - Clicked on proceed to checkout on order summary page
[INFO ] 2025-02-27 14:20:39.685 [main] MyStoreV1 - Clicked on proceed to checkout on order address page
[INFO ] 2025-02-27 14:20:39.685 [main] MyStoreV1 - Clicked on proceed to checkout on order address page
[INFO ] 2025-02-27 14:20:40.257 [main] MyStoreV1 - selecged term of service check box
[INFO ] 2025-02-27 14:20:40.257 [main] MyStoreV1 - selecged term of service check box
[INFO ] 2025-02-27 14:20:41.665 [main] MyStoreV1 - Clicked on proceed to checkout on order shipping page
[INFO ] 2025-02-27 14:20:41.665 [main] MyStoreV1 - Clicked on proceed to checkout on order shipping page
[INFO ] 2025-02-27 14:20:41.705 [main] MyStoreV1 - http://www.automationpractice.pl/index.php?controller=order
[INFO ] 2025-02-27 14:20:41.705 [main] MyStoreV1 - http://www.automationpractice.pl/index.php?controller=order
[INFO ] 2025-02-27 14:20:42.459 [main] MyStoreV1 - Clicked on pay by cheque
[INFO ] 2025-02-27 14:20:42.459 [main] MyStoreV1 - Clicked on pay by cheque
[INFO ] 2025-02-27 14:20:49.077 [main] MyStoreV1 - Clicked on confirmed order
[INFO ] 2025-02-27 14:20:49.077 [main] MyStoreV1 - Clicked on confirmed order
[INFO ] 2025-02-27 14:20:49.139 [main] MyStoreV1 - VerifyBuyProduct - Passed
[INFO ] 2025-02-27 14:20:49.139 [main] MyStoreV1 - VerifyBuyProduct - Passed
[INFO ] 2025-02-27 14:20:50.594 [main] MyStoreV1 - ***************TestCase BuyProduct ends*****************
[INFO ] 2025-02-27 14:20:50.594 [main] MyStoreV1 - ***************TestCase BuyProduct ends*****************
[INFO ] 2025-02-27 14:21:54.092 [main] MyStoreV1 - Url Opened
[INFO ] 2025-02-27 14:21:54.092 [main] MyStoreV1 - Url Opened
[INFO ] 2025-02-27 14:21:54.122 [main] MyStoreV1 - 
***************TestCase Search Product started*****************
[INFO ] 2025-02-27 14:21:54.122 [main] MyStoreV1 - 
***************TestCase Search Product started*****************
[INFO ] 2025-02-27 14:21:55.515 [main] MyStoreV1 - User Email and Password entered.
[INFO ] 2025-02-27 14:21:55.515 [main] MyStoreV1 - User Email and Password entered.
[INFO ] 2025-02-27 14:21:56.867 [main] MyStoreV1 - Sign In link clicked
[INFO ] 2025-02-27 14:21:56.867 [main] MyStoreV1 - Sign In link clicked
[INFO ] 2025-02-27 14:21:58.267 [main] MyStoreV1 - Search Product testcase - Passed
[INFO ] 2025-02-27 14:21:58.267 [main] MyStoreV1 - Search Product testcase - Passed
[INFO ] 2025-02-27 14:21:59.416 [main] MyStoreV1 - ***************TestCase Search Product ends*****************
[INFO ] 2025-02-27 14:21:59.416 [main] MyStoreV1 - ***************TestCase Search Product ends*****************
[INFO ] 2025-02-27 14:21:59.462 [main] MyStoreV1 - 
***************TestCase Buy Product started*****************
[INFO ] 2025-02-27 14:21:59.462 [main] MyStoreV1 - 
***************TestCase Buy Product started*****************
[INFO ] 2025-02-27 14:22:00.720 [main] MyStoreV1 - User Email and Password entered.
[INFO ] 2025-02-27 14:22:00.720 [main] MyStoreV1 - User Email and Password entered.
[INFO ] 2025-02-27 14:22:02.150 [main] MyStoreV1 - Sign In link clicked
[INFO ] 2025-02-27 14:22:02.150 [main] MyStoreV1 - Sign In link clicked
[INFO ] 2025-02-27 14:22:02.252 [main] MyStoreV1 - T-shirt entered in search box
[INFO ] 2025-02-27 14:22:02.252 [main] MyStoreV1 - T-shirt entered in search box
[INFO ] 2025-02-27 14:22:02.852 [main] MyStoreV1 - clicked on search button
[INFO ] 2025-02-27 14:22:02.852 [main] MyStoreV1 - clicked on search button
[INFO ] 2025-02-27 14:22:05.878 [main] MyStoreV1 - Clicked on more button
[INFO ] 2025-02-27 14:22:05.878 [main] MyStoreV1 - Clicked on more button
[INFO ] 2025-02-27 14:22:10.174 [main] MyStoreV1 - size M entered
[INFO ] 2025-02-27 14:22:10.174 [main] MyStoreV1 - size M entered
[INFO ] 2025-02-27 14:22:10.604 [main] MyStoreV1 - quantity 2 entereed
[INFO ] 2025-02-27 14:22:10.604 [main] MyStoreV1 - quantity 2 entereed
[INFO ] 2025-02-27 14:22:13.556 [main] MyStoreV1 - Clicked on proceed to checkout on product page
[INFO ] 2025-02-27 14:22:13.556 [main] MyStoreV1 - Clicked on proceed to checkout on product page
[INFO ] 2025-02-27 14:22:14.808 [main] MyStoreV1 - Clicked on proceed to checkout on order summary page
[INFO ] 2025-02-27 14:22:14.808 [main] MyStoreV1 - Clicked on proceed to checkout on order summary page
[INFO ] 2025-02-27 14:22:15.501 [main] MyStoreV1 - Clicked on proceed to checkout on order address page
[INFO ] 2025-02-27 14:22:15.501 [main] MyStoreV1 - Clicked on proceed to checkout on order address page
[INFO ] 2025-02-27 14:22:16.079 [main] MyStoreV1 - selecged term of service check box
[INFO ] 2025-02-27 14:22:16.079 [main] MyStoreV1 - selecged term of service check box
[INFO ] 2025-02-27 14:22:16.787 [main] MyStoreV1 - Clicked on proceed to checkout on order shipping page
[INFO ] 2025-02-27 14:22:16.787 [main] MyStoreV1 - Clicked on proceed to checkout on order shipping page
[INFO ] 2025-02-27 14:22:17.094 [main] MyStoreV1 - http://www.automationpractice.pl/index.php?controller=order
[INFO ] 2025-02-27 14:22:17.094 [main] MyStoreV1 - http://www.automationpractice.pl/index.php?controller=order
[INFO ] 2025-02-27 14:22:17.839 [main] MyStoreV1 - Clicked on pay by cheque
[INFO ] 2025-02-27 14:22:17.839 [main] MyStoreV1 - Clicked on pay by cheque
[INFO ] 2025-02-27 14:22:24.483 [main] MyStoreV1 - Clicked on confirmed order
[INFO ] 2025-02-27 14:22:24.483 [main] MyStoreV1 - Clicked on confirmed order
[INFO ] 2025-02-27 14:22:24.525 [main] MyStoreV1 - VerifyBuyProduct - Passed
[INFO ] 2025-02-27 14:22:24.525 [main] MyStoreV1 - VerifyBuyProduct - Passed
[INFO ] 2025-02-27 14:22:26.402 [main] MyStoreV1 - ***************TestCase BuyProduct ends*****************
[INFO ] 2025-02-27 14:22:26.402 [main] MyStoreV1 - ***************TestCase BuyProduct ends*****************
[INFO ] 2025-02-27 15:09:50.897 [main] MyStoreV1 - Url Opened
[INFO ] 2025-02-27 15:09:50.897 [main] MyStoreV1 - Url Opened
[INFO ] 2025-02-27 15:09:50.939 [main] MyStoreV1 - 
***************TestCase Search Product started*****************
[INFO ] 2025-02-27 15:09:50.939 [main] MyStoreV1 - 
***************TestCase Search Product started*****************
[INFO ] 2025-02-27 15:09:53.729 [main] MyStoreV1 - User Email and Password entered.
[INFO ] 2025-02-27 15:09:53.729 [main] MyStoreV1 - User Email and Password entered.
[INFO ] 2025-02-27 15:09:55.170 [main] MyStoreV1 - Sign In link clicked
[INFO ] 2025-02-27 15:09:55.170 [main] MyStoreV1 - Sign In link clicked
[INFO ] 2025-02-27 15:09:56.668 [main] MyStoreV1 - Search Product testcase - Passed
[INFO ] 2025-02-27 15:09:56.668 [main] MyStoreV1 - Search Product testcase - Passed
[INFO ] 2025-02-27 15:09:58.202 [main] MyStoreV1 - ***************TestCase Search Product ends*****************
[INFO ] 2025-02-27 15:09:58.202 [main] MyStoreV1 - ***************TestCase Search Product ends*****************
[INFO ] 2025-02-27 15:09:58.249 [main] MyStoreV1 - 
***************TestCase Buy Product started*****************
[INFO ] 2025-02-27 15:09:58.249 [main] MyStoreV1 - 
***************TestCase Buy Product started*****************
[INFO ] 2025-02-27 15:09:59.551 [main] MyStoreV1 - User Email and Password entered.
[INFO ] 2025-02-27 15:09:59.551 [main] MyStoreV1 - User Email and Password entered.
[INFO ] 2025-02-27 15:10:01.892 [main] MyStoreV1 - Sign In link clicked
[INFO ] 2025-02-27 15:10:01.892 [main] MyStoreV1 - Sign In link clicked
[INFO ] 2025-02-27 15:10:02.066 [main] MyStoreV1 - T-shirt entered in search box
[INFO ] 2025-02-27 15:10:02.066 [main] MyStoreV1 - T-shirt entered in search box
[INFO ] 2025-02-27 15:10:03.243 [main] MyStoreV1 - clicked on search button
[INFO ] 2025-02-27 15:10:03.243 [main] MyStoreV1 - clicked on search button
[INFO ] 2025-02-27 15:10:06.300 [main] MyStoreV1 - Clicked on more button
[INFO ] 2025-02-27 15:10:06.300 [main] MyStoreV1 - Clicked on more button
[INFO ] 2025-02-27 15:10:10.584 [main] MyStoreV1 - size M entered
[INFO ] 2025-02-27 15:10:10.584 [main] MyStoreV1 - size M entered
[INFO ] 2025-02-27 15:10:10.929 [main] MyStoreV1 - quantity 2 entereed
[INFO ] 2025-02-27 15:10:10.929 [main] MyStoreV1 - quantity 2 entereed
[INFO ] 2025-02-27 15:10:12.695 [main] MyStoreV1 - Clicked on proceed to checkout on product page
[INFO ] 2025-02-27 15:10:12.695 [main] MyStoreV1 - Clicked on proceed to checkout on product page
[INFO ] 2025-02-27 15:10:14.212 [main] MyStoreV1 - Clicked on proceed to checkout on order summary page
[INFO ] 2025-02-27 15:10:14.212 [main] MyStoreV1 - Clicked on proceed to checkout on order summary page
[INFO ] 2025-02-27 15:10:15.613 [main] MyStoreV1 - Clicked on proceed to checkout on order address page
[INFO ] 2025-02-27 15:10:15.613 [main] MyStoreV1 - Clicked on proceed to checkout on order address page
[INFO ] 2025-02-27 15:10:15.914 [main] MyStoreV1 - selecged term of service check box
[INFO ] 2025-02-27 15:10:15.914 [main] MyStoreV1 - selecged term of service check box
[INFO ] 2025-02-27 15:10:17.024 [main] MyStoreV1 - Clicked on proceed to checkout on order shipping page
[INFO ] 2025-02-27 15:10:17.024 [main] MyStoreV1 - Clicked on proceed to checkout on order shipping page
[INFO ] 2025-02-27 15:10:17.056 [main] MyStoreV1 - http://www.automationpractice.pl/index.php?controller=order
[INFO ] 2025-02-27 15:10:17.056 [main] MyStoreV1 - http://www.automationpractice.pl/index.php?controller=order
[INFO ] 2025-02-27 15:10:18.147 [main] MyStoreV1 - Clicked on pay by cheque
[INFO ] 2025-02-27 15:10:18.147 [main] MyStoreV1 - Clicked on pay by cheque
[INFO ] 2025-02-27 15:10:25.146 [main] MyStoreV1 - Clicked on confirmed order
[INFO ] 2025-02-27 15:10:25.146 [main] MyStoreV1 - Clicked on confirmed order
[INFO ] 2025-02-27 15:10:25.191 [main] MyStoreV1 - VerifyBuyProduct - Passed
[INFO ] 2025-02-27 15:10:25.191 [main] MyStoreV1 - VerifyBuyProduct - Passed
[INFO ] 2025-02-27 15:10:26.992 [main] MyStoreV1 - ***************TestCase BuyProduct ends*****************
[INFO ] 2025-02-27 15:10:26.992 [main] MyStoreV1 - ***************TestCase BuyProduct ends*****************
